apps/android/app/build/intermediates/manifest_merge_blame_file/debug/manifest-merger-blame-debug-report.txt
1<?xml version="1.0" encoding="utf-8"?>
2<manifest xmlns:android="http://schemas.android.com/apk/res/android"
3    package="br.com.nexusrmm.agent.debug"
4    android:versionCode="1"
5    android:versionName="0.7.0" >
6
7    <uses-sdk
8        android:minSdkVersion="26"
9        android:targetSdkVersion="34" />
10
11    <!-- Network -->
12    <uses-permission android:name="android.permission.INTERNET" />
12-->src/main/AndroidManifest.xml:5:5-67
12-->src/main/AndroidManifest.xml:5:22-64
13    <uses-permission android:name="android.permission.ACCESS_NETWORK_STATE" />
13-->src/main/AndroidManifest.xml:6:5-79
13-->src/main/AndroidManifest.xml:6:22-76
14    <uses-permission android:name="android.permission.ACCESS_WIFI_STATE" />
14-->src/main/AndroidManifest.xml:7:5-76
14-->src/main/AndroidManifest.xml:7:22-73
15
16    <!-- Localização (economia de bateria: COARSE = Wi-Fi/celular, não GPS contínuo) -->
17    <uses-permission android:name="android.permission.ACCESS_COARSE_LOCATION" />
17-->src/main/AndroidManifest.xml:10:5-81
17-->src/main/AndroidManifest.xml:10:22-78
18    <uses-permission android:name="android.permission.ACCESS_FINE_LOCATION" />
18-->src/main/AndroidManifest.xml:11:5-79
18-->src/main/AndroidManifest.xml:11:22-76
19    <!-- Android 10+: acesso em segundo plano (serviço foreground continua funcionando) -->
20    <uses-permission android:name="android.permission.ACCESS_BACKGROUND_LOCATION" />
20-->src/main/AndroidManifest.xml:13:5-85
20-->src/main/AndroidManifest.xml:13:22-82
21
22    <!-- Foreground services -->
23    <uses-permission android:name="android.permission.FOREGROUND_SERVICE" />
23-->src/main/AndroidManifest.xml:16:5-77
23-->src/main/AndroidManifest.xml:16:22-74
24    <uses-permission android:name="android.permission.FOREGROUND_SERVICE_DATA_SYNC" />
24-->src/main/AndroidManifest.xml:17:5-87
24-->src/main/AndroidManifest.xml:17:22-84
25    <uses-permission android:name="android.permission.FOREGROUND_SERVICE_MEDIA_PROJECTION" />
25-->src/main/AndroidManifest.xml:18:5-94
25-->src/main/AndroidManifest.xml:18:22-91
26    <!-- Android 14+: foreground service com localização exige tipo explícito -->
27    <uses-permission android:name="android.permission.FOREGROUND_SERVICE_LOCATION" />
27-->src/main/AndroidManifest.xml:20:5-86
27-->src/main/AndroidManifest.xml:20:22-83
28
29    <!-- Auto-start on boot -->
30    <uses-permission android:name="android.permission.RECEIVE_BOOT_COMPLETED" />
30-->src/main/AndroidManifest.xml:23:5-81
30-->src/main/AndroidManifest.xml:23:22-78
31
32    <!-- Screen capture (MediaProjection) requires user consent dialog — no special permission -->
33    <!-- Notifications -->
34    <uses-permission android:name="android.permission.POST_NOTIFICATIONS" />
34-->src/main/AndroidManifest.xml:27:5-77
34-->src/main/AndroidManifest.xml:27:22-74
35
36    <permission
36-->[androidx.core:core:1.12.0] AndroidManifest.xml:22:5-24:47
37        android:name="br.com.nexusrmm.agent.debug.DYNAMIC_RECEIVER_NOT_EXPORTED_PERMISSION"
37-->[androidx.core:core:1.12.0] AndroidManifest.xml:23:9-81
38        android:protectionLevel="signature" />
38-->[androidx.core:core:1.12.0] AndroidManifest.xml:24:9-44
39
40    <uses-permission android:name="br.com.nexusrmm.agent.debug.DYNAMIC_RECEIVER_NOT_EXPORTED_PERMISSION" />
40-->[androidx.core:core:1.12.0] AndroidManifest.xml:26:5-97
40-->[androidx.core:core:1.12.0] AndroidManifest.xml:26:22-94
41
42    <application
42-->src/main/AndroidManifest.xml:29:5-84:19
43        android:allowBackup="false"
43-->src/main/AndroidManifest.xml:30:9-36
44        android:appComponentFactory="androidx.core.app.CoreComponentFactory"
44-->[androidx.core:core:1.12.0] AndroidManifest.xml:28:18-86
45        android:debuggable="true"
46        android:extractNativeLibs="false"
47        android:icon="@mipmap/ic_launcher"
47-->src/main/AndroidManifest.xml:31:9-43
48        android:label="@string/app_name"
48-->src/main/AndroidManifest.xml:32:9-41
49        android:roundIcon="@mipmap/ic_launcher_round"
49-->src/main/AndroidManifest.xml:33:9-54
50        android:supportsRtl="true"
50-->src/main/AndroidManifest.xml:34:9-35
51        android:theme="@style/Theme.NexusAgent" >
51-->src/main/AndroidManifest.xml:35:9-48
52
53        <!-- Setup + status activity -->
54        <activity
54-->src/main/AndroidManifest.xml:38:9-46:20
55            android:name="br.com.nexusrmm.agent.MainActivity"
55-->src/main/AndroidManifest.xml:39:13-41
56            android:exported="true"
56-->src/main/AndroidManifest.xml:40:13-36
57            android:launchMode="singleTop" >
57-->src/main/AndroidManifest.xml:41:13-43
58            <intent-filter>
58-->src/main/AndroidManifest.xml:42:13-45:29
59                <action android:name="android.intent.action.MAIN" />
59-->src/main/AndroidManifest.xml:43:17-69
59-->src/main/AndroidManifest.xml:43:25-66
60
61                <category android:name="android.intent.category.LAUNCHER" />
61-->src/main/AndroidManifest.xml:44:17-77
61-->src/main/AndroidManifest.xml:44:27-74
62            </intent-filter>
63        </activity>
64
65        <!-- Main agent foreground service (Socket.io + heartbeat + terminal + localização) -->
66        <service
66-->src/main/AndroidManifest.xml:49:9-52:65
67            android:name="br.com.nexusrmm.agent.AgentService"
67-->src/main/AndroidManifest.xml:50:13-41
68            android:exported="false"
68-->src/main/AndroidManifest.xml:51:13-37
69            android:foregroundServiceType="dataSync|location" />
69-->src/main/AndroidManifest.xml:52:13-62
70
71        <!-- Screen capture foreground service (MediaProjection + relay WebSocket) -->
72        <service
72-->src/main/AndroidManifest.xml:55:9-58:63
73            android:name="br.com.nexusrmm.agent.ScreenCaptureService"
73-->src/main/AndroidManifest.xml:56:13-49
74            android:exported="false"
74-->src/main/AndroidManifest.xml:57:13-37
75            android:foregroundServiceType="mediaProjection" />
75-->src/main/AndroidManifest.xml:58:13-60
76
77        <!-- Accessibility service — enables touch/key injection without root -->
78        <service
78-->src/main/AndroidManifest.xml:61:9-72:19
79            android:name="br.com.nexusrmm.agent.InputAccessibilityService"
79-->src/main/AndroidManifest.xml:62:13-54
80            android:exported="true"
80-->src/main/AndroidManifest.xml:63:13-36
81            android:label="@string/accessibility_label"
81-->src/main/AndroidManifest.xml:64:13-56
82            android:permission="android.permission.BIND_ACCESSIBILITY_SERVICE" >
82-->src/main/AndroidManifest.xml:65:13-79
83            <intent-filter>
83-->src/main/AndroidManifest.xml:66:13-68:29
84                <action android:name="android.accessibilityservice.AccessibilityService" />
84-->src/main/AndroidManifest.xml:67:17-92
84-->src/main/AndroidManifest.xml:67:25-89
85            </intent-filter>
86
87            <meta-data
87-->src/main/AndroidManifest.xml:69:13-71:72
88                android:name="android.accessibilityservice"
88-->src/main/AndroidManifest.xml:70:17-60
89                android:resource="@xml/accessibility_service_config" />
89-->src/main/AndroidManifest.xml:71:17-69
90        </service>
91
92        <!-- Auto-start on device boot -->
93        <receiver
93-->src/main/AndroidManifest.xml:75:9-82:20
94            android:name="br.com.nexusrmm.agent.BootReceiver"
94-->src/main/AndroidManifest.xml:76:13-41
95            android:exported="true" >
95-->src/main/AndroidManifest.xml:77:13-36
96            <intent-filter>
96-->src/main/AndroidManifest.xml:78:13-81:29
97                <action android:name="android.intent.action.BOOT_COMPLETED" />
97-->src/main/AndroidManifest.xml:79:17-79
97-->src/main/AndroidManifest.xml:79:25-76
98                <action android:name="android.intent.action.MY_PACKAGE_REPLACED" />
98-->src/main/AndroidManifest.xml:80:17-84
98-->src/main/AndroidManifest.xml:80:25-81
99            </intent-filter>
100        </receiver>
101
102        <provider
102-->[androidx.emoji2:emoji2:1.2.0] AndroidManifest.xml:24:9-32:20
103            android:name="androidx.startup.InitializationProvider"
103-->[androidx.emoji2:emoji2:1.2.0] AndroidManifest.xml:25:13-67
104            android:authorities="br.com.nexusrmm.agent.debug.androidx-startup"
104-->[androidx.emoji2:emoji2:1.2.0] AndroidManifest.xml:26:13-68
105            android:exported="false" >
105-->[androidx.emoji2:emoji2:1.2.0] AndroidManifest.xml:27:13-37
106            <meta-data
106-->[androidx.emoji2:emoji2:1.2.0] AndroidManifest.xml:29:13-31:52
107                android:name="androidx.emoji2.text.EmojiCompatInitializer"
107-->[androidx.emoji2:emoji2:1.2.0] AndroidManifest.xml:30:17-75
108                android:value="androidx.startup" />
108-->[androidx.emoji2:emoji2:1.2.0] AndroidManifest.xml:31:17-49
109            <meta-data
109-->[androidx.lifecycle:lifecycle-process:2.7.0] AndroidManifest.xml:29:13-31:52
110                android:name="androidx.lifecycle.ProcessLifecycleInitializer"
110-->[androidx.lifecycle:lifecycle-process:2.7.0] AndroidManifest.xml:30:17-78
111                android:value="androidx.startup" />
111-->[androidx.lifecycle:lifecycle-process:2.7.0] AndroidManifest.xml:31:17-49
112            <meta-data
112-->[androidx.profileinstaller:profileinstaller:1.3.0] AndroidManifest.xml:29:13-31:52
113                android:name="androidx.profileinstaller.ProfileInstallerInitializer"
113-->[androidx.profileinstaller:profileinstaller:1.3.0] AndroidManifest.xml:30:17-85
114                android:value="androidx.startup" />
114-->[androidx.profileinstaller:profileinstaller:1.3.0] AndroidManifest.xml:31:17-49
115        </provider>
116
117        <receiver
117-->[androidx.profileinstaller:profileinstaller:1.3.0] AndroidManifest.xml:34:9-52:20
118            android:name="androidx.profileinstaller.ProfileInstallReceiver"
118-->[androidx.profileinstaller:profileinstaller:1.3.0] AndroidManifest.xml:35:13-76
119            android:directBootAware="false"
119-->[androidx.profileinstaller:profileinstaller:1.3.0] AndroidManifest.xml:36:13-44
120            android:enabled="true"
120-->[androidx.profileinstaller:profileinstaller:1.3.0] AndroidManifest.xml:37:13-35
121            android:exported="true"
121-->[androidx.profileinstaller:profileinstaller:1.3.0] AndroidManifest.xml:38:13-36
122            android:permission="android.permission.DUMP" >
122-->[androidx.profileinstaller:profileinstaller:1.3.0] AndroidManifest.xml:39:13-57
123            <intent-filter>
123-->[androidx.profileinstaller:profileinstaller:1.3.0] AndroidManifest.xml:40:13-42:29
124                <action android:name="androidx.profileinstaller.action.INSTALL_PROFILE" />
124-->[androidx.profileinstaller:profileinstaller:1.3.0] AndroidManifest.xml:41:17-91
124-->[androidx.profileinstaller:profileinstaller:1.3.0] AndroidManifest.xml:41:25-88
125            </intent-filter>
126            <intent-filter>
126-->[androidx.profileinstaller:profileinstaller:1.3.0] AndroidManifest.xml:43:13-45:29
127                <action android:name="androidx.profileinstaller.action.SKIP_FILE" />
127-->[androidx.profileinstaller:profileinstaller:1.3.0] AndroidManifest.xml:44:17-85
127-->[androidx.profileinstaller:profileinstaller:1.3.0] AndroidManifest.xml:44:25-82
128            </intent-filter>
129            <intent-filter>
129-->[androidx.profileinstaller:profileinstaller:1.3.0] AndroidManifest.xml:46:13-48:29
130                <action android:name="androidx.profileinstaller.action.SAVE_PROFILE" />
130-->[androidx.profileinstaller:profileinstaller:1.3.0] AndroidManifest.xml:47:17-88
130-->[androidx.profileinstaller:profileinstaller:1.3.0] AndroidManifest.xml:47:25-85
131            </intent-filter>
132            <intent-filter>
132-->[androidx.profileinstaller:profileinstaller:1.3.0] AndroidManifest.xml:49:13-51:29
133                <action android:name="androidx.profileinstaller.action.BENCHMARK_OPERATION" />
133-->[androidx.profileinstaller:profileinstaller:1.3.0] AndroidManifest.xml:50:17-95
133-->[androidx.profileinstaller:profileinstaller:1.3.0] AndroidManifest.xml:50:25-92
134            </intent-filter>
135        </receiver>
136    </application>
137
138</manifest>